<?xml version="1.0" encoding="UTF-8"?>
<!-- Generated by org.testng.reporters.JUnitXMLReporter -->
<testsuite hostname="DESKTOP-LLLGMOJ" ignored="1" name="Test" tests="38" failures="1" timestamp="2022-05-09T20:30:46 IST" time="49.564" errors="0">
  <testcase name="loginLogoutInActitimeApplication" time="18.159" classname="day11.testngsamples.Example8"/>
  <testcase name="testCase7" time="0.004" classname="day11.testngsamples.Example6"/>
  <testcase name="testCase8" time="0.003" classname="day11.testngsamples.Example6"/>
  <testcase name="loginLogoutInActitimeApplication" time="18.315" classname="day11.testngsamples.Example7"/>
  <testcase name="login" time="0.001" classname="day11.testngsamples.Example_Param7"/>
  <testcase name="verifyLogin" time="0.003" classname="day11.testngsamples.Example_Annotations3"/>
  <testcase name="createTask" time="0.006" classname="day11.testngsamples.Example_Annotations3"/>
  <testcase name="signIn" time="0.006" classname="day11.testngsamples.Example_Param6"/>
  <testcase name="login" time="0.003" classname="day11.testngsamples.Example_Param6"/>
  <testcase name="checkNotification" time="2.018" classname="day11.testngsamples.Example_Param6">
    <failure type="org.testng.internal.thread.ThreadTimeoutException" message="Method day11.testngsamples.Example_Param6.checkNotification() didn&amp;apos;t finish within the time-out 2000">
      <![CDATA[org.testng.internal.thread.ThreadTimeoutException: Method day11.testngsamples.Example_Param6.checkNotification() didn't finish within the time-out 2000
at java.util.ArrayList.forEach(ArrayList.java:1259)
... Removed 24 stack frames]]>
    </failure>
  </testcase> <!-- checkNotification -->
  <testcase name="signIn" time="0.001" classname="day11.testngsamples.Example_Param5"/>
  <testcase name="login" time="0.002" classname="day11.testngsamples.Example_Param5"/>
  <testcase name="checkNotification" time="0.003" classname="day11.testngsamples.Example_Param5"/>
  <testcase name="signIn" time="0.002" classname="day11.testngsamples.Example_Param4"/>
  <testcase name="login" time="0.001" classname="day11.testngsamples.Example_Param4"/>
  <testcase name="checkNotification" time="0.001" classname="day11.testngsamples.Example_Param4"/>
  <testcase name="loginPageValidationInActitimeApplication" time="8.793" classname="day11.testngsamples.Example71"/>
  <testcase name="verifyLogin" time="0.001" classname="day11.testngsamples.Example_Annotations1"/>
  <testcase name="createTask" time="0.001" classname="day11.testngsamples.Example_Annotations1"/>
  <testcase name="verifyLogin" time="0.007" classname="day11.testngsamples.Example_Annotations2"/>
  <testcase name="createTask" time="0.004" classname="day11.testngsamples.Example_Annotations2"/>
  <testcase name="smokeTC1" time="0.001" classname="day11.testngsamples.Sample1"/>
  <testcase name="param1" time="0.001" classname="day11.testngsamples.Example_Param3"/>
  <testcase name="param3" time="0.001" classname="day11.testngsamples.Example_Param3"/>
  <testcase name="login" time="0.0" classname="day11.testngsamples.Example_Param2"/>
  <testcase name="sendEmail" time="0.003" classname="day11.testngsamples.Example_Param2"/>
  <testcase name="logout" time="0.002" classname="day11.testngsamples.Example_Param2"/>
  <testcase name="param1" time="0.007" classname="day11.testngsamples.Example_Param1"/>
  <testcase name="param1" time="0.001" classname="day11.testngsamples.Example_Param1"/>
  <testcase name="param1" time="0.001" classname="day11.testngsamples.Example_Param1"/>
  <testcase name="param1" time="0.0" classname="day11.testngsamples.Example_Param1"/>
  <testcase name="param1" time="0.001" classname="day11.testngsamples.Example_Param1"/>
  <testcase name="testCase4" time="0.001" classname="day11.testngsamples.Example4"/>
  <testcase name="testCase5" time="0.01" classname="day11.testngsamples.Example5"/>
  <testcase name="testCase6" time="0.001" classname="day11.testngsamples.Example5"/>
  <testcase name="testCase2" time="0.002" classname="day11.testngsamples.Example2"/>
  <testcase name="regressionTC1" time="0.002" classname="day11.testngsamples.Sample2"/>
  <testcase name="testCase3" time="2.008" classname="day11.testngsamples.Example3"/>
  <testcase name="param2" time="0.0" classname="day11.testngsamples.Example_Param3">
    <ignored/>
  </testcase> <!-- param2 -->
</testsuite> <!-- Test -->
