<?xml version="1.0" encoding="UTF-8"?>
<!-- Generated by org.testng.reporters.JUnitXMLReporter -->
<testsuite hostname="DESKTOP-LLLGMOJ" ignored="3" name="testing" tests="2" failures="0" timestamp="2022-05-09T20:37:43 IST" time="0.066" errors="0">
  <testcase name="testCaseFive" time="0.012" classname="day22.testngadvxml.GroupExamples"/>
  <testcase name="testCaseThree" time="0.002" classname="day22.testngadvxml.GroupExamples"/>
  <testcase name="testCaseTwo" time="0.0" classname="day22.testngadvxml.GroupExamples">
    <ignored/>
  </testcase> <!-- testCaseTwo -->
  <testcase name="testCaseFour" time="0.0" classname="day22.testngadvxml.GroupExamples">
    <ignored/>
  </testcase> <!-- testCaseFour -->
  <testcase name="testCaseOne" time="0.0" classname="day22.testngadvxml.GroupExamples">
    <ignored/>
  </testcase> <!-- testCaseOne -->
</testsuite> <!-- testing -->
