<?xml version="1.0" encoding="UTF-8"?>
<testng-results skipped="0" failed="0" ignored="0" total="2" passed="2">
  <reporter-output>
  </reporter-output>
  <suite name="Default suite" duration-ms="52846" started-at="2022-08-18T16:04:32 IST" finished-at="2022-08-18T16:05:25 IST">
    <groups>
    </groups>
    <test name="Default test" duration-ms="52846" started-at="2022-08-18T16:04:32 IST" finished-at="2022-08-18T16:05:25 IST">
      <class name="webpagescripts.LoginLogout">
        <test-method status="PASS" signature="precondition()[pri:0, instance:webpagescripts.LoginLogout@553a3d88]" name="precondition" is-config="true" duration-ms="47515" started-at="2022-08-18T16:04:32 IST" finished-at="2022-08-18T16:05:20 IST">
          <reporter-output>
          </reporter-output>
        </test-method> <!-- precondition -->
        <test-method status="PASS" signature="testLoginFunctionality()[pri:0, instance:webpagescripts.LoginLogout@553a3d88]" name="testLoginFunctionality" duration-ms="3857" started-at="2022-08-18T16:05:20 IST" finished-at="2022-08-18T16:05:23 IST">
          <reporter-output>
          </reporter-output>
        </test-method> <!-- testLoginFunctionality -->
        <test-method status="PASS" signature="testLogoutFunctionality()[pri:0, instance:webpagescripts.LoginLogout@553a3d88]" name="testLogoutFunctionality" duration-ms="1341" started-at="2022-08-18T16:05:23 IST" finished-at="2022-08-18T16:05:25 IST">
          <reporter-output>
          </reporter-output>
        </test-method> <!-- testLogoutFunctionality -->
        <test-method status="PASS" signature="postCondition()[pri:0, instance:webpagescripts.LoginLogout@553a3d88]" name="postCondition" is-config="true" duration-ms="104" started-at="2022-08-18T16:05:25 IST" finished-at="2022-08-18T16:05:25 IST">
          <reporter-output>
          </reporter-output>
        </test-method> <!-- postCondition -->
      </class> <!-- webpagescripts.LoginLogout -->
    </test> <!-- Default test -->
  </suite> <!-- Default suite -->
</testng-results>
