<?xml version="1.0" encoding="UTF-8"?>
<!-- Generated by org.testng.reporters.JUnitXMLReporter -->
<testsuite hostname="DESKTOP-LLLGMOJ" name="Default test" tests="6" failures="0" timestamp="13 May 2022 01:23:41 GMT" time="89.472" errors="0">
  <testcase name="runScenario" time="12.795" classname="actitime.runner.TestRunner"/>
  <testcase name="runScenario" time="14.111" classname="actitime.runner.TestRunner"/>
  <testcase name="runScenario" time="18.3" classname="actitime.runner.TestRunner"/>
  <testcase name="runScenario" time="16.067" classname="actitime.runner.TestRunner"/>
  <testcase name="runScenario" time="11.153" classname="actitime.runner.TestRunner"/>
  <testcase name="runScenario" time="16.75" classname="actitime.runner.TestRunner"/>
</testsuite> <!-- Default test -->
