<?xml version="1.0" encoding="UTF-8"?>
<!-- Generated by org.testng.reporters.JUnitXMLReporter -->
<testsuite hostname="DESKTOP-LLLGMOJ" ignored="0" name="Testing Parameterization" tests="4" failures="0" timestamp="2022-05-09T20:41:55 IST" time="15.573" errors="0">
  <testcase name="testCaseOne" time="0.009" classname="day22.testngadvxml.Parameterization"/>
  <testcase name="testCaseTwo" time="0.004" classname="day22.testngadvxml.Parameterization"/>
  <testcase name="testCaseThree" time="0.005" classname="day22.testngadvxml.Parameterization"/>
  <testcase name="testLoginOfVtiger" time="15.495" classname="day22.testngadvxml.Parameterization"/>
</testsuite> <!-- Testing Parameterization -->
