<?xml version="1.0" encoding="UTF-8"?>
<testng-results skipped="0" failed="0" total="6" passed="6">
  <reporter-output>
  </reporter-output>
  <suite name="Default suite" duration-ms="89472" started-at="2022-05-13T01:22:11Z" finished-at="2022-05-13T01:23:41Z">
    <groups>
      <group name="cucumber">
        <method signature="AbstractTestNGCucumberTests.runScenario(cucumber.api.testng.PickleEventWrapper, cucumber.api.testng.CucumberFeatureWrapper)[pri:0, instance:actitime.runner.TestRunner@769f71a9]" name="runScenario" class="cucumber.api.testng.AbstractTestNGCucumberTests"/>
      </group> <!-- cucumber -->
    </groups>
    <test name="Default test" duration-ms="89472" started-at="2022-05-13T01:22:11Z" finished-at="2022-05-13T01:23:41Z">
      <class name="actitime.runner.TestRunner">
        <test-method status="PASS" signature="setUpClass()[pri:0, instance:actitime.runner.TestRunner@769f71a9]" name="setUpClass" is-config="true" duration-ms="141" started-at="2022-05-13T06:52:11Z" finished-at="2022-05-13T06:52:12Z">
          <reporter-output>
          </reporter-output>
        </test-method> <!-- setUpClass -->
        <test-method status="PASS" signature="runScenario(cucumber.api.testng.PickleEventWrapper, cucumber.api.testng.CucumberFeatureWrapper)[pri:0, instance:actitime.runner.TestRunner@769f71a9]" name="runScenario" duration-ms="12795" started-at="2022-05-13T06:52:12Z" description="Runs Cucumber Scenarios" data-provider="scenarios" finished-at="2022-05-13T06:52:24Z">
          <params>
            <param index="0">
              <value>
                <![CDATA["Validate actitime login functionality using valid username and password"]]>
              </value>
            </param>
            <param index="1">
              <value>
                <![CDATA["Acitime Login functinality"]]>
              </value>
            </param>
          </params>
          <reporter-output>
          </reporter-output>
        </test-method> <!-- runScenario -->
        <test-method status="PASS" signature="runScenario(cucumber.api.testng.PickleEventWrapper, cucumber.api.testng.CucumberFeatureWrapper)[pri:0, instance:actitime.runner.TestRunner@769f71a9]" name="runScenario" duration-ms="14111" started-at="2022-05-13T06:52:24Z" description="Runs Cucumber Scenarios" data-provider="scenarios" finished-at="2022-05-13T06:52:39Z">
          <params>
            <param index="0">
              <value>
                <![CDATA["Validate actitime login functionality using valid credential"]]>
              </value>
            </param>
            <param index="1">
              <value>
                <![CDATA["Acitime Login functinality"]]>
              </value>
            </param>
          </params>
          <reporter-output>
          </reporter-output>
        </test-method> <!-- runScenario -->
        <test-method status="PASS" signature="runScenario(cucumber.api.testng.PickleEventWrapper, cucumber.api.testng.CucumberFeatureWrapper)[pri:0, instance:actitime.runner.TestRunner@769f71a9]" name="runScenario" duration-ms="18300" started-at="2022-05-13T06:52:39Z" description="Runs Cucumber Scenarios" data-provider="scenarios" finished-at="2022-05-13T06:52:57Z">
          <params>
            <param index="0">
              <value>
                <![CDATA["Validate actitime login functionality using invalid credential"]]>
              </value>
            </param>
            <param index="1">
              <value>
                <![CDATA["Acitime Login functinality"]]>
              </value>
            </param>
          </params>
          <reporter-output>
          </reporter-output>
        </test-method> <!-- runScenario -->
        <test-method status="PASS" signature="runScenario(cucumber.api.testng.PickleEventWrapper, cucumber.api.testng.CucumberFeatureWrapper)[pri:0, instance:actitime.runner.TestRunner@769f71a9]" name="runScenario" duration-ms="16067" started-at="2022-05-13T06:52:57Z" description="Runs Cucumber Scenarios" data-provider="scenarios" finished-at="2022-05-13T06:53:13Z">
          <params>
            <param index="0">
              <value>
                <![CDATA["Validate login functionality using valid credential for actitime application"]]>
              </value>
            </param>
            <param index="1">
              <value>
                <![CDATA["Acitime Login functinality"]]>
              </value>
            </param>
          </params>
          <reporter-output>
          </reporter-output>
        </test-method> <!-- runScenario -->
        <test-method status="PASS" signature="runScenario(cucumber.api.testng.PickleEventWrapper, cucumber.api.testng.CucumberFeatureWrapper)[pri:0, instance:actitime.runner.TestRunner@769f71a9]" name="runScenario" duration-ms="11153" started-at="2022-05-13T06:53:13Z" description="Runs Cucumber Scenarios" data-provider="scenarios" finished-at="2022-05-13T06:53:24Z">
          <params>
            <param index="0">
              <value>
                <![CDATA["Validate login functionality using invalid credential for actitime application"]]>
              </value>
            </param>
            <param index="1">
              <value>
                <![CDATA["Acitime Login functinality"]]>
              </value>
            </param>
          </params>
          <reporter-output>
          </reporter-output>
        </test-method> <!-- runScenario -->
        <test-method status="PASS" signature="runScenario(cucumber.api.testng.PickleEventWrapper, cucumber.api.testng.CucumberFeatureWrapper)[pri:0, instance:actitime.runner.TestRunner@769f71a9]" name="runScenario" duration-ms="16750" started-at="2022-05-13T06:53:24Z" description="Runs Cucumber Scenarios" data-provider="scenarios" finished-at="2022-05-13T06:53:41Z">
          <params>
            <param index="0">
              <value>
                <![CDATA["Validate login functionality using invalid credential for actitime application"]]>
              </value>
            </param>
            <param index="1">
              <value>
                <![CDATA["Acitime Login functinality"]]>
              </value>
            </param>
          </params>
          <reporter-output>
          </reporter-output>
        </test-method> <!-- runScenario -->
        <test-method status="PASS" signature="tearDownClass()[pri:0, instance:actitime.runner.TestRunner@769f71a9]" name="tearDownClass" is-config="true" duration-ms="76" started-at="2022-05-13T06:53:41Z" finished-at="2022-05-13T06:53:41Z">
          <reporter-output>
          </reporter-output>
        </test-method> <!-- tearDownClass -->
      </class> <!-- actitime.runner.TestRunner -->
    </test> <!-- Default test -->
  </suite> <!-- Default suite -->
</testng-results>
