<?xml version="1.0" encoding="UTF-8"?>
<testng-results skipped="0" failed="0" ignored="0" total="2" passed="2">
  <reporter-output>
  </reporter-output>
  <suite name="Default suite" duration-ms="4645" started-at="2022-07-29T13:42:39 IST" finished-at="2022-07-29T13:42:43 IST">
    <groups>
    </groups>
    <test name="Default test" duration-ms="4645" started-at="2022-07-29T13:42:39 IST" finished-at="2022-07-29T13:42:43 IST">
      <class name="com.Tests.TestExcelData">
        <test-method status="PASS" signature="SparkLoad()[pri:0, instance:com.Tests.TestExcelData@7ce6a65d]" name="SparkLoad" is-config="true" duration-ms="218" started-at="2022-07-29T13:42:38 IST" finished-at="2022-07-29T13:42:39 IST">
          <reporter-output>
          </reporter-output>
        </test-method> <!-- SparkLoad -->
        <test-method status="PASS" signature="testRequest(java.lang.String,java.lang.String,double,double,double,java.lang.String,java.lang.String,java.lang.String,java.lang.String,java.lang.String,java.lang.String,java.lang.String)[pri:1, instance:com.Tests.TestExcelData@7ce6a65d]" name="testRequest" duration-ms="3731" started-at="2022-07-29T13:42:39 IST" description="Post Data" data-provider="Details" finished-at="2022-07-29T13:42:43 IST">
          <params>
            <param index="0">
              <value>
                <![CDATA[post]]>
              </value>
            </param>
            <param index="1">
              <value>
                <![CDATA[/maps/api/place/add/json]]>
              </value>
            </param>
            <param index="2">
              <value>
                <![CDATA[-38.383494]]>
              </value>
            </param>
            <param index="3">
              <value>
                <![CDATA[33.427362]]>
              </value>
            </param>
            <param index="4">
              <value>
                <![CDATA[50.0]]>
              </value>
            </param>
            <param index="5">
              <value>
                <![CDATA[Frontline house]]>
              </value>
            </param>
            <param index="6">
              <value>
                <![CDATA[(+91) 983 893 3937]]>
              </value>
            </param>
            <param index="7">
              <value>
                <![CDATA[29, side layout, cohen 09]]>
              </value>
            </param>
            <param index="8">
              <value>
                <![CDATA[shoe park]]>
              </value>
            </param>
            <param index="9">
              <value>
                <![CDATA[shop]]>
              </value>
            </param>
            <param index="10">
              <value>
                <![CDATA[http://google.com]]>
              </value>
            </param>
            <param index="11">
              <value>
                <![CDATA[French-IN]]>
              </value>
            </param>
          </params>
          <reporter-output>
          </reporter-output>
        </test-method> <!-- testRequest -->
        <test-method status="PASS" signature="flush()[pri:0, instance:com.Tests.TestExcelData@7ce6a65d]" name="flush" is-config="true" duration-ms="175" started-at="2022-07-29T13:42:43 IST" finished-at="2022-07-29T13:42:43 IST">
          <reporter-output>
          </reporter-output>
        </test-method> <!-- flush -->
        <test-method status="PASS" signature="testRequest(java.lang.String,java.lang.String,double,double,double,java.lang.String,java.lang.String,java.lang.String,java.lang.String,java.lang.String,java.lang.String,java.lang.String)[pri:1, instance:com.Tests.TestExcelData@7ce6a65d]" name="testRequest" duration-ms="122" started-at="2022-07-29T13:42:43 IST" description="Post Data" data-provider="Details" finished-at="2022-07-29T13:42:43 IST">
          <params>
            <param index="0">
              <value>
                <![CDATA[post]]>
              </value>
            </param>
            <param index="1">
              <value>
                <![CDATA[/maps/api/place/add/json]]>
              </value>
            </param>
            <param index="2">
              <value>
                <![CDATA[-12.34]]>
              </value>
            </param>
            <param index="3">
              <value>
                <![CDATA[23.45]]>
              </value>
            </param>
            <param index="4">
              <value>
                <![CDATA[30.0]]>
              </value>
            </param>
            <param index="5">
              <value>
                <![CDATA[Frontline house]]>
              </value>
            </param>
            <param index="6">
              <value>
                <![CDATA[(+91) 983 893 3937]]>
              </value>
            </param>
            <param index="7">
              <value>
                <![CDATA[29, side layout, cohen 09]]>
              </value>
            </param>
            <param index="8">
              <value>
                <![CDATA[shoe park]]>
              </value>
            </param>
            <param index="9">
              <value>
                <![CDATA[shop]]>
              </value>
            </param>
            <param index="10">
              <value>
                <![CDATA[http://google.com]]>
              </value>
            </param>
            <param index="11">
              <value>
                <![CDATA[French-EN]]>
              </value>
            </param>
          </params>
          <reporter-output>
          </reporter-output>
        </test-method> <!-- testRequest -->
        <test-method status="PASS" signature="flush()[pri:0, instance:com.Tests.TestExcelData@7ce6a65d]" name="flush" is-config="true" duration-ms="16" started-at="2022-07-29T13:42:43 IST" finished-at="2022-07-29T13:42:43 IST">
          <reporter-output>
          </reporter-output>
        </test-method> <!-- flush -->
      </class> <!-- com.Tests.TestExcelData -->
    </test> <!-- Default test -->
  </suite> <!-- Default suite -->
</testng-results>
